3961
0 0 0 7
0 8 0 17
0 18 0 25
0 36 0 44
0 45 0 55
0 56 0 66
0 67 0 76
0 77 0 86
0 87 0 96
0 97 0 107
0 108 0 116
0 117 0 126
0 127 0 135
0 136 0 143
0 144 0 151
0 162 0 170
0 171 0 180
0 224 0 234
0 235 0 244
1 0 1 9
1 20 1 29
1 30 1 37
1 38 1 45
1 46 1 54
1 55 1 62
1 73 1 83
1 84 1 91
1 92 1 100
1 101 1 108
1 109 1 116
1 117 1 127
1 138 1 146
1 147 1 154
1 155 1 163
1 174 1 183
1 205 1 214
1 215 1 225
1 226 1 236
1 237 1 245
2 10 2 19
2 20 2 29
2 30 2 39
2 40 2 47
2 58 2 67
2 68 2 78
2 79 2 86
2 87 2 95
2 96 2 103
2 104 2 111
2 112 2 119
2 120 2 130
2 131 2 141
2 142 2 149
2 150 2 160
2 161 2 169
2 170 2 179
2 180 2 190
2 201 2 210
2 211 2 221
2 232 2 241
2 242 2 249
3 0 3 8
3 9 3 18
3 19 3 28
3 29 3 37
3 48 3 56
3 57 3 64
3 65 3 75
3 76 3 85
3 86 3 96
3 97 3 107
3 108 3 116
3 117 3 124
3 125 3 134
3 135 3 143
3 144 3 152
3 153 3 162
3 173 3 181
3 182 3 191
3 213 3 222
3 233 3 241
4 0 4 8
4 9 4 16
4 17 4 25
4 36 4 44
4 45 4 55
4 56 4 66
4 88 4 96
4 107 4 115
4 126 4 135
4 136 4 146
4 147 4 154
4 176 4 185
4 186 4 194
4 195 4 205
4 206 4 214
4 215 4 223
5 0 5 9
5 20 5 29
5 30 5 38
5 39 5 47
5 69 5 78
5 79 5 88
5 89 5 96
5 97 5 105
5 106 5 115
5 126 5 135
5 136 5 144
5 145 5 153
5 154 5 163
5 164 5 171
5 172 5 179
5 180 5 190
5 191 5 199
5 200 5 207
5 208 5 216
5 217 5 227
5 228 5 236
5 237 5 244
6 0 6 8
6 30 6 39
6 50 6 59
6 70 6 80
6 81 6 90
6 91 6 99
6 110 6 120
6 121 6 131
6 132 6 139
6 150 6 159
6 160 6 168
6 169 6 177
6 178 6 187
6 188 6 196
6 197 6 205
6 206 6 214
6 236 6 245
7 0 7 8
7 9 7 18
7 19 7 28
7 29 7 37
7 38 7 46
7 47 7 55
7 56 7 64
7 75 7 86
7 87 7 96
7 97 7 106
7 107 7 115
7 116 7 125
7 126 7 133
7 134 7 143
7 144 7 151
7 152 7 159
7 160 7 167
7 168 7 176
7 177 7 184
7 185 7 195
7 196 7 206
7 207 7 214
7 215 7 223
7 224 7 232
7 233 7 241
7 242 7 249
8 0 8 7
8 8 8 16
8 17 8 24
8 25 8 35
8 36 8 46
8 47 8 55
8 56 8 64
8 65 8 72
8 83 8 93
8 94 8 102
8 103 8 112
8 113 8 120
8 121 8 131
8 132 8 142
8 143 8 152
8 153 8 161
8 162 8 170
8 171 8 180
8 181 8 189
8 190 8 199
8 200 8 208
8 209 8 219
8 230 8 241
9 10 9 19
9 20 9 27
9 28 9 36
9 47 9 55
9 66 9 76
9 77 9 86
9 87 9 95
9 106 9 115
9 116 9 126
9 127 9 134
9 135 9 143
9 165 9 173
9 174 9 182
9 193 9 203
9 204 9 213
9 214 9 224
10 0 10 7
10 8 10 15
10 16 10 23
10 24 10 32
10 43 10 51
10 52 10 61
10 62 10 70
10 71 10 81
10 82 10 89
10 90 10 97
10 98 10 106
10 117 10 125
10 136 10 145
10 146 10 153
10 164 10 174
10 175 10 184
10 185 10 193
10 194 10 204
10 205 10 213
10 214 10 223
10 224 10 231
10 232 10 239
10 240 10 247
11 0 11 9
11 10 11 17
11 18 11 25
11 26 11 34
11 35 11 42
11 53 11 61
11 62 11 70
11 71 11 79
11 80 11 87
11 88 11 97
11 98 11 108
11 109 11 119
11 120 11 130
11 131 11 141
11 142 11 151
11 162 11 173
11 174 11 181
11 182 11 192
11 193 11 200
11 201 11 210
11 221 11 230
11 241 11 249
12 0 12 7
12 8 12 15
12 16 12 23
12 24 12 34
12 45 12 55
12 88 12 96
12 97 12 105
12 106 12 113
12 114 12 122
12 123 12 133
12 134 12 141
12 142 12 150
12 151 12 159
12 160 12 170
12 171 12 178
12 179 12 186
12 187 12 195
12 196 12 204
12 205 12 214
12 215 12 223
12 224 12 232
12 233 12 241
13 0 13 7
13 18 13 27
13 38 13 48
13 49 13 57
13 58 13 65
13 66 13 73
13 74 13 84
13 85 13 95
13 96 13 103
13 104 13 112
13 113 13 120
13 121 13 128
13 129 13 137
13 148 13 158
13 159 13 166
13 177 13 186
13 187 13 195
13 196 13 204
13 205 13 212
13 213 13 222
13 233 13 241
13 242 13 249
14 0 14 9
14 10 14 20
14 21 14 30
14 31 14 38
14 39 14 46
14 47 14 54
14 65 14 73
14 74 14 83
14 84 14 92
14 103 14 113
14 114 14 124
14 125 14 133
14 134 14 144
14 145 14 155
14 166 14 174
14 185 14 194
14 227 14 235
14 236 14 244
15 0 15 8
15 9 15 17
15 28 15 38
15 49 15 58
15 59 15 67
15 68 15 76
15 77 15 84
15 95 15 103
15 104 15 111
15 112 15 120
15 121 15 130
15 141 15 150
15 161 15 171
15 172 15 182
15 183 15 193
15 204 15 213
15 214 15 221
16 0 16 9
16 10 16 20
16 21 16 30
16 31 16 39
16 40 16 48
16 49 16 57
16 58 16 66
16 67 16 74
16 75 16 84
16 85 16 94
16 95 16 104
16 105 16 113
16 114 16 122
16 123 16 130
16 141 16 150
16 151 16 158
16 159 16 167
16 168 16 177
16 188 16 196
16 197 16 206
16 207 16 214
17 0 17 8
17 9 17 16
17 17 17 24
17 25 17 32
17 43 17 51
17 52 17 59
17 70 17 78
17 89 17 97
17 98 17 107
17 118 17 127
17 128 17 135
17 136 17 143
17 154 17 163
17 164 17 171
17 172 17 180
17 181 17 188
17 189 17 196
17 207 17 218
17 219 17 227
17 238 17 248
18 0 18 8
18 9 18 17
18 18 18 25
18 26 18 34
18 35 18 42
18 43 18 51
18 52 18 59
18 60 18 67
18 78 18 88
18 89 18 98
18 99 18 108
18 109 18 119
18 130 18 138
18 139 18 147
18 148 18 156
18 167 18 175
18 176 18 186
18 187 18 195
18 196 18 203
18 204 18 212
18 213 18 221
18 222 18 229
18 230 18 237
18 238 18 245
19 21 19 29
19 30 19 37
19 48 19 58
19 59 19 66
19 67 19 74
19 75 19 83
19 84 19 93
19 94 19 104
19 115 19 125
19 126 19 135
19 136 19 143
19 144 19 152
19 153 19 161
19 162 19 172
19 173 19 182
19 183 19 190
19 191 19 198
19 199 19 207
19 208 19 217
19 239 19 249
20 0 20 9
20 10 20 17
20 18 20 25
20 26 20 36
20 47 20 57
20 79 20 87
20 98 20 107
20 108 20 115
20 137 20 146
20 157 20 165
20 166 20 176
20 177 20 186
20 187 20 196
20 197 20 206
20 207 20 216
20 217 20 224
20 225 20 232
20 233 20 241
21 0 21 8
21 9 21 19
21 20 21 27
21 28 21 36
21 37 21 45
21 46 21 55
21 56 21 64
21 65 21 73
21 74 21 82
21 83 21 91
21 92 21 99
21 110 21 118
21 119 21 127
21 128 21 137
21 138 21 145
21 156 21 164
21 165 21 174
21 196 21 204
21 205 21 214
21 215 21 225
21 226 21 233
22 0 22 8
22 9 22 18
22 19 22 27
22 28 22 35
22 36 22 43
22 44 22 51
22 52 22 59
22 60 22 69
22 70 22 77
22 78 22 88
22 89 22 97
22 98 22 106
22 107 22 117
22 118 22 127
22 128 22 135
22 136 22 143
22 144 22 151
22 152 22 160
22 161 22 168
22 179 22 187
22 188 22 196
22 207 22 215
22 216 22 223
22 224 22 231
22 232 22 239
22 240 22 248
23 0 23 8
23 9 23 18
23 19 23 26
23 27 23 34
23 56 23 65
23 66 23 73
23 74 23 81
23 82 23 89
23 100 23 110
23 132 23 142
23 143 23 151
23 152 23 160
23 161 23 168
23 169 23 178
23 179 23 187
23 188 23 195
23 196 23 203
23 204 23 211
23 212 23 220
23 221 23 230
24 0 24 8
24 41 24 50
24 51 24 61
24 62 24 70
24 71 24 78
24 79 24 86
24 87 24 94
24 95 24 103
24 114 24 122
24 123 24 132
24 133 24 143
24 144 24 152
24 153 24 162
24 163 24 171
24 182 24 191
24 192 24 199
24 200 24 210
24 211 24 218
24 219 24 227
24 228 24 236
24 237 24 246
25 0 25 7
25 8 25 16
25 17 25 24
25 25 25 32
25 33 25 42
25 43 25 50
25 51 25 58
25 80 25 89
25 90 25 99
25 100 25 107
25 108 25 116
25 117 25 127
25 128 25 137
25 138 25 147
25 158 25 167
25 168 25 175
25 176 25 185
25 196 25 204
25 205 25 212
25 223 25 231
26 0 26 7
26 8 26 15
26 16 26 25
26 26 26 34
26 35 26 43
26 44 26 52
26 53 26 62
26 63 26 70
26 71 26 79
26 80 26 88
26 89 26 97
26 98 26 107
26 118 26 128
26 139 26 147
26 148 26 156
26 157 26 165
26 166 26 174
26 175 26 182
26 183 26 193
26 204 26 214
26 215 26 224
26 225 26 233
26 234 26 241
27 0 27 9
27 20 27 29
27 40 27 49
27 60 27 68
27 79 27 87
27 109 27 119
27 120 27 130
27 131 27 138
27 139 27 148
27 149 27 159
27 160 27 169
27 180 27 188
27 199 27 209
27 210 27 217
27 218 27 225
27 226 27 234
28 0 28 7
28 8 28 15
28 26 28 34
28 35 28 42
28 43 28 52
28 53 28 61
28 62 28 72
28 73 28 80
28 91 28 99
28 100 28 107
28 108 28 115
28 137 28 145
28 156 28 164
28 165 28 173
28 174 28 182
28 183 28 192
28 193 28 202
28 203 28 213
28 224 28 234
28 235 28 245
29 0 29 9
29 10 29 20
29 21 29 28
29 39 29 47
29 58 29 69
29 70 29 80
29 81 29 88
29 89 29 97
29 98 29 107
29 108 29 115
29 116 29 123
29 124 29 133
29 134 29 143
29 144 29 151
29 184 29 193
29 194 29 201
29 202 29 209
29 210 29 220
29 221 29 228
29 229 29 238
29 239 29 247
30 0 30 7
30 8 30 15
30 26 30 37
30 38 30 48
30 59 30 68
30 69 30 77
30 78 30 85
30 86 30 93
30 94 30 101
30 102 30 112
30 113 30 121
30 132 30 142
30 143 30 150
30 151 30 159
30 170 30 178
30 179 30 186
30 187 30 197
30 198 30 207
30 208 30 216
30 217 30 224
30 235 30 246
31 0 31 7
31 8 31 15
31 37 31 46
31 57 31 65
31 66 31 76
31 77 31 84
31 85 31 93
31 94 31 104
31 115 31 123
31 156 31 164
31 165 31 172
31 173 31 180
31 191 31 201
31 202 31 212
31 213 31 220
31 221 31 228
31 229 31 238
31 239 31 249
32 0 32 7
32 8 32 18
32 19 32 28
32 29 32 37
32 38 32 46
32 47 32 55
32 56 32 63
32 64 32 72
32 83 32 91
32 92 32 100
32 101 32 108
32 119 32 129
32 130 32 137
32 138 32 146
32 147 32 155
32 156 32 166
32 167 32 175
32 176 32 185
32 196 32 205
32 206 32 214
32 215 32 224
32 225 32 232
32 233 32 241
33 0 33 8
33 9 33 17
33 18 33 25
33 36 33 46
33 47 33 54
33 55 33 64
33 65 33 74
33 75 33 83
33 94 33 104
33 105 33 114
33 136 33 146
33 147 33 156
33 157 33 166
33 167 33 175
33 176 33 183
33 216 33 225
33 226 33 235
33 236 33 246
34 43 34 53
34 54 34 63
34 74 34 82
34 83 34 93
34 104 34 115
34 116 34 123
34 124 34 132
34 133 34 142
34 153 34 161
34 172 34 182
34 183 34 190
34 191 34 199
34 200 34 208
34 209 34 217
34 228 34 239
34 240 34 249
35 0 35 10
35 11 35 21
35 22 35 30
35 41 35 49
35 50 35 58
35 59 35 68
35 79 35 88
35 89 35 96
35 97 35 107
35 108 35 116
35 117 35 127
35 128 35 138
35 139 35 146
35 147 35 155
35 156 35 163
35 164 35 172
35 173 35 180
35 191 35 199
35 200 35 210
35 211 35 219
35 220 35 230
35 231 35 240
35 241 35 248
36 0 36 7
36 18 36 26
36 27 36 35
36 36 36 43
36 54 36 62
36 84 36 92
36 93 36 100
36 111 36 120
36 121 36 128
36 129 36 139
36 140 36 147
36 148 36 157
36 158 36 167
36 189 36 200
36 211 36 219
36 230 36 239
36 240 36 247
37 0 37 8
37 30 37 38
37 39 37 48
37 59 37 70
37 71 37 81
37 82 37 89
37 90 37 97
37 98 37 107
37 108 37 116
37 117 37 125
37 126 37 136
37 137 37 144
37 145 37 153
37 164 37 175
37 176 37 184
37 185 37 194
37 195 37 203
37 204 37 211
37 212 37 219
37 230 37 240
38 0 38 10
38 11 38 18
38 29 38 39
38 40 38 47
38 48 38 56
38 57 38 66
38 67 38 76
38 87 38 95
38 96 38 103
38 114 38 123
38 124 38 133
38 155 38 164
38 175 38 184
38 185 38 192
38 193 38 200
38 211 38 221
38 222 38 231
38 232 38 240
38 241 38 248
39 10 39 18
39 19 39 26
39 27 39 34
39 45 39 54
39 65 39 73
39 84 39 92
39 93 39 103
39 104 39 112
39 113 39 120
39 121 39 128
39 129 39 139
39 140 39 149
39 150 39 160
39 161 39 170
39 171 39 181
39 182 39 191
39 192 39 201
39 212 39 221
39 222 39 231
40 10 40 19
40 30 40 38
40 39 40 48
40 49 40 56
40 67 40 76
40 77 40 87
40 88 40 96
40 129 40 138
40 139 40 149
40 150 40 158
40 159 40 167
40 178 40 187
40 188 40 195
40 196 40 203
40 204 40 214
40 215 40 223
40 224 40 231
41 0 41 9
41 20 41 30
41 31 41 39
41 40 41 47
41 48 41 56
41 57 41 65
41 87 41 95
41 96 41 106
41 107 41 115
41 116 41 125
41 147 41 156
41 157 41 164
41 165 41 175
41 176 41 183
41 184 41 191
41 192 41 200
41 211 41 222
41 223 41 231
41 232 41 240
42 0 42 8
42 19 42 28
42 29 42 36
42 47 42 55
42 56 42 64
42 75 42 83
42 94 42 102
42 103 42 110
42 111 42 121
42 122 42 131
42 132 42 139
42 161 42 172
42 183 42 191
42 192 42 200
42 201 42 208
42 209 42 217
42 218 42 225
42 226 42 233
42 234 42 241
43 0 43 8
43 9 43 17
43 39 43 47
43 48 43 55
43 56 43 63
43 74 43 83
43 84 43 92
43 93 43 100
43 101 43 108
43 109 43 116
43 127 43 135
43 157 43 165
43 166 43 176
43 177 43 186
43 197 43 207
43 218 43 228
43 239 43 247
44 0 44 9
44 20 44 28
44 29 44 38
44 39 44 48
44 49 44 56
44 57 44 64
44 65 44 74
44 85 44 93
44 94 44 101
44 102 44 111
44 112 44 119
44 120 44 128
44 129 44 138
44 149 44 158
44 159 44 169
44 170 44 177
44 178 44 187
44 188 44 195
44 196 44 203
44 204 44 212
44 213 44 220
44 221 44 231
45 0 45 10
45 11 45 18
45 19 45 26
45 27 45 35
45 36 45 43
45 44 45 53
45 54 45 64
45 75 45 83
45 84 45 93
45 94 45 104
45 105 45 114
45 136 45 146
45 147 45 156
45 157 45 164
45 165 45 172
45 173 45 181
45 182 45 190
45 191 45 198
45 199 45 207
45 218 45 228
45 229 45 236
46 10 46 20
46 21 46 29
46 30 46 39
46 40 46 49
46 60 46 68
46 69 46 77
46 88 46 97
46 108 46 118
46 119 46 129
46 140 46 150
46 151 46 159
46 181 46 189
46 190 46 200
46 201 46 208
46 209 46 216
46 217 46 226
46 227 46 234
46 235 46 243
47 0 47 7
47 8 47 15
47 16 47 23
47 24 47 32
47 65 47 73
47 74 47 81
47 82 47 91
47 92 47 101
47 102 47 109
47 110 47 117
47 118 47 126
47 127 47 137
47 138 47 147
47 148 47 155
47 156 47 165
47 166 47 174
47 175 47 184
47 185 47 194
47 195 47 204
47 215 47 223
47 224 47 231
48 21 48 31
48 32 48 40
48 51 48 61
48 72 48 80
48 81 48 89
48 90 48 97
48 98 48 107
48 118 48 126
48 127 48 137
48 148 48 156
48 157 48 167
48 178 48 186
48 187 48 197
48 198 48 205
48 216 48 226
48 227 48 235
48 236 48 243
49 0 49 7
49 8 49 16
49 17 49 26
49 27 49 35
49 68 49 79
49 90 49 99
49 100 49 110
49 111 49 119
49 120 49 127
49 128 49 136
49 137 49 145
49 146 49 153
49 154 49 161
49 162 49 169
49 170 49 178
49 179 49 186
49 197 49 206
49 207 49 215
49 216 49 225
49 226 49 235
49 236 49 244
50 0 50 8
50 19 50 29
50 30 50 38
50 39 50 47
50 48 50 57
50 58 50 68
50 69 50 77
50 78 50 86
50 97 50 108
50 119 50 127
50 128 50 136
50 137 50 144
50 155 50 163
50 174 50 182
50 183 50 191
50 192 50 201
50 202 50 209
50 220 50 228
50 229 50 236
50 237 50 244
51 0 51 7
51 18 51 26
51 37 51 46
51 47 51 55
51 66 51 74
51 85 51 95
51 106 51 115
51 116 51 123
51 124 51 131
51 132 51 139
51 140 51 150
51 161 51 171
51 172 51 180
51 181 51 190
51 191 51 198
51 199 51 207
51 208 51 215
51 216 51 223
51 224 51 232
51 233 51 242
52 0 52 9
52 10 52 19
52 20 52 30
52 31 52 38
52 49 52 60
52 61 52 69
52 80 52 91
52 102 52 110
52 132 52 143
52 144 52 154
52 155 52 164
52 165 52 175
52 197 52 205
52 206 52 213
52 214 52 223
52 224 52 234
53 0 53 8
53 9 53 18
53 19 53 26
53 27 53 34
53 35 53 43
53 44 53 54
53 55 53 62
53 63 53 70
53 71 53 78
53 79 53 86
53 87 53 95
53 96 53 105
53 116 53 126
53 127 53 135
53 136 53 145
53 146 53 153
53 164 53 174
53 175 53 184
53 195 53 206
53 207 53 214
53 215 53 223
53 234 53 244
54 0 54 8
54 19 54 30
54 31 54 39
54 40 54 47
54 48 54 55
54 66 54 77
54 78 54 85
54 86 54 95
54 128 54 138
54 139 54 148
54 149 54 159
54 160 54 168
54 169 54 176
54 187 54 196
54 207 54 215
54 226 54 234
54 235 54 245
55 0 55 8
55 9 55 19
55 30 55 41
55 52 55 60
55 126 55 134
55 145 55 154
55 155 55 162
55 163 55 171
55 172 55 180
55 191 55 199
55 210 55 218
55 219 55 227
55 238 55 246
56 0 56 7
56 8 56 17
56 28 56 39
56 40 56 49
56 50 56 59
56 60 56 68
56 69 56 79
56 80 56 87
56 88 56 95
56 96 56 104
56 105 56 113
56 114 56 123
56 124 56 133
56 144 56 152
56 153 56 160
56 161 56 168
56 169 56 176
56 177 56 185
56 186 56 193
56 204 56 215
56 216 56 223
56 224 56 231
57 0 57 8
57 9 57 17
57 28 57 38
57 39 57 47
57 69 57 78
57 79 57 86
57 87 57 95
57 96 57 105
57 116 57 125
57 126 57 136
57 147 57 155
57 156 57 166
57 167 57 175
57 176 57 183
57 184 57 191
57 192 57 200
57 201 57 209
57 210 57 219
57 230 57 238
57 239 57 248
58 0 58 9
58 10 58 20
58 31 58 39
58 40 58 47
58 48 58 58
58 59 58 66
58 67 58 74
58 75 58 84
58 85 58 94
58 95 58 102
58 113 58 121
58 122 58 130
58 152 58 161
58 183 58 192
58 193 58 200
58 201 58 210
58 211 58 218
58 219 58 227
58 228 58 235
58 236 58 245
59 0 59 7
59 8 59 15
59 48 59 56
59 57 59 66
59 67 59 76
59 87 59 95
59 96 59 105
59 106 59 113
59 114 59 121
59 122 59 132
59 133 59 143
59 144 59 152
59 153 59 163
59 174 59 184
59 185 59 194
59 227 59 238
59 239 59 246
60 10 60 19
60 20 60 29
60 30 60 40
60 41 60 51
60 52 60 62
60 63 60 72
60 73 60 80
60 81 60 90
60 101 60 110
60 121 60 129
60 130 60 140
60 141 60 151
60 152 60 160
60 161 60 169
60 170 60 179
60 190 60 200
60 211 60 219
60 220 60 228
60 229 60 237
60 238 60 245
61 0 61 10
61 11 61 18
61 19 61 27
61 38 61 48
61 49 61 58
61 59 61 67
61 68 61 77
61 88 61 96
61 97 61 104
61 105 61 113
61 124 61 133
61 134 61 141
61 142 61 150
61 151 61 161
61 162 61 170
61 171 61 178
61 189 61 197
61 198 61 206
61 207 61 214
61 225 61 234
61 235 61 245
62 0 62 8
62 9 62 16
62 17 62 26
62 27 62 36
62 37 62 44
62 45 62 53
62 54 62 61
62 62 62 69
62 80 62 91
62 92 62 99
62 100 62 110
62 111 62 118
62 140 62 148
62 149 62 158
62 159 62 168
62 179 62 189
62 200 62 211
62 212 62 220
62 221 62 230
62 231 62 241
63 10 63 19
63 20 63 30
63 31 63 40
63 41 63 50
63 51 63 58
63 59 63 66
63 88 63 96
63 97 63 107
63 108 63 116
63 117 63 125
63 126 63 133
63 144 63 153
63 154 63 161
63 162 63 171
63 182 63 192
63 203 63 211
63 212 63 220
63 221 63 230
63 231 63 238
63 239 63 249
64 32 64 43
64 44 64 51
64 52 64 59
64 92 64 102
64 113 64 121
64 132 64 140
64 141 64 149
64 150 64 159
64 160 64 168
64 190 64 199
64 200 64 207
64 218 64 226
64 237 64 248
65 21 65 32
65 33 65 42
65 43 65 50
65 51 65 58
65 69 65 77
65 78 65 85
65 96 65 105
65 106 65 114
65 115 65 123
65 124 65 132
65 133 65 143
65 144 65 153
65 154 65 163
65 164 65 172
65 173 65 180
65 181 65 188
65 189 65 196
65 197 65 205
65 206 65 215
65 226 65 234
65 235 65 243
66 0 66 8
66 19 66 27
66 28 66 37
66 38 66 47
66 69 66 78
66 79 66 89
66 100 66 111
66 112 66 120
66 121 66 128
66 129 66 136
66 137 66 146
66 147 66 154
66 155 66 162
66 163 66 172
66 173 66 183
66 184 66 191
66 202 66 211
66 212 66 220
67 0 67 9
67 10 67 18
67 19 67 28
67 29 67 36
67 37 67 44
67 45 67 54
67 55 67 63
67 64 67 74
67 85 67 93
67 94 67 104
67 105 67 112
67 113 67 120
67 131 67 140
67 141 67 149
67 150 67 157
67 168 67 176
67 187 67 195
67 196 67 204
67 205 67 212
67 213 67 221
67 222 67 232
67 233 67 242
68 0 68 8
68 9 68 17
68 18 68 27
68 38 68 48
68 49 68 56
68 57 68 65
68 66 68 73
68 74 68 81
68 92 68 102
68 103 68 111
68 112 68 120
68 121 68 130
68 141 68 149
68 150 68 159
68 181 68 189
68 190 68 197
68 198 68 205
68 206 68 216
68 217 68 224
68 225 68 232
68 233 68 243
69 0 69 8
69 19 69 27
69 28 69 38
69 39 69 48
69 49 69 56
69 57 69 64
69 65 69 75
69 76 69 86
69 119 69 127
69 128 69 136
69 137 69 146
69 147 69 154
69 155 69 162
69 163 69 173
69 174 69 182
69 183 69 191
69 192 69 199
69 200 69 207
69 208 69 215
69 216 69 226
69 227 69 234
69 235 69 244
70 0 70 7
70 8 70 15
70 16 70 25
70 26 70 35
70 36 70 46
70 68 70 76
70 77 70 87
70 88 70 95
70 96 70 104
70 105 70 115
70 116 70 126
70 137 70 145
70 146 70 153
70 164 70 174
70 175 70 185
70 186 70 194
70 195 70 204
70 205 70 214
70 215 70 224
70 225 70 233
71 0 71 10
71 11 71 19
71 30 71 38
71 39 71 46
71 47 71 54
71 55 71 64
71 65 71 73
71 74 71 84
71 85 71 95
71 117 71 128
71 129 71 138
71 139 71 148
71 170 71 178
71 179 71 189
71 190 71 197
71 208 71 216
72 10 72 20
72 21 72 28
72 29 72 38
72 49 72 58
72 59 72 69
72 70 72 77
72 78 72 87
72 88 72 96
72 97 72 105
72 106 72 116
72 117 72 127
72 128 72 136
72 137 72 146
72 168 72 176
72 177 72 185
72 186 72 194
72 195 72 204
72 205 72 213
72 214 72 222
72 223 72 230
72 231 72 241
72 242 72 249
73 0 73 10
73 11 73 18
73 19 73 26
73 27 73 35
73 57 73 66
73 99 73 107
73 108 73 115
73 116 73 124
73 125 73 135
73 136 73 144
73 166 73 176
73 177 73 184
73 185 73 193
73 194 73 202
73 203 73 211
73 212 73 220
73 221 73 231
74 10 74 20
74 21 74 28
74 29 74 36
74 37 74 44
74 45 74 52
74 53 74 63
74 64 74 72
74 73 74 80
74 81 74 88
74 99 74 107
74 108 74 117
74 128 74 136
74 137 74 144
74 145 74 154
74 165 74 174
74 175 74 183
74 184 74 193
74 194 74 203
74 204 74 211
74 233 74 241
75 0 75 8
75 9 75 16
75 27 75 36
75 47 75 55
75 66 75 77
75 78 75 85
75 96 75 105
75 116 75 125
75 126 75 134
75 135 75 143
75 165 75 174
75 175 75 183
75 184 75 193
75 194 75 203
75 204 75 211
75 212 75 219
75 230 75 238
76 0 76 9
76 20 76 31
76 32 76 40
76 51 76 61
76 62 76 70
76 71 76 79
76 90 76 99
76 100 76 108
76 109 76 119
76 120 76 130
76 131 76 139
76 140 76 148
76 149 76 156
76 157 76 166
76 188 76 196
76 197 76 204
76 205 76 215
76 216 76 225
76 226 76 233
76 234 76 241
76 242 76 249
77 0 77 8
77 9 77 18
77 19 77 29
77 30 77 38
77 39 77 46
77 47 77 55
77 56 77 65
77 66 77 73
77 74 77 83
77 84 77 91
77 92 77 100
77 122 77 130
77 131 77 138
77 160 77 169
77 170 77 178
77 179 77 187
77 198 77 208
77 219 77 227
77 228 77 237
77 238 77 246
78 0 78 7
78 18 78 26
78 27 78 36
78 37 78 45
78 46 78 53
78 54 78 63
78 64 78 73
78 74 78 82
78 83 78 91
78 92 78 101
78 102 78 110
78 121 78 129
78 130 78 138
78 139 78 146
78 157 78 165
78 166 78 174
78 175 78 182
78 183 78 190
78 191 78 201
78 202 78 210
78 221 78 232
78 233 78 241
78 242 78 249
79 0 79 10
79 11 79 20
79 21 79 30
79 31 79 38
79 49 79 58
79 59 79 67
79 100 79 109
79 110 79 118
79 119 79 126
79 127 79 135
79 136 79 143
79 144 79 152
79 163 79 171
79 182 79 191
79 202 79 211
79 212 79 220
79 221 79 230
79 231 79 241
80 0 80 9
80 20 80 30
80 31 80 38
80 49 80 59
80 70 80 78
80 79 80 88
80 89 80 96
80 97 80 107
80 108 80 116
80 127 80 137
80 138 80 146
80 168 80 177
80 178 80 185
80 186 80 193
80 194 80 202
80 203 80 212
80 213 80 220
80 221 80 229
80 240 80 249
81 0 81 7
81 8 81 15
81 16 81 23
81 24 81 31
81 32 81 41
81 52 81 62
81 63 81 70
81 81 81 90
81 91 81 98
81 99 81 107
81 108 81 117
81 118 81 128
81 129 81 137
81 159 81 168
81 169 81 177
81 178 81 185
81 186 81 193
81 204 81 213
81 224 81 233
81 234 81 244
82 0 82 7
82 8 82 16
82 17 82 26
82 27 82 35
82 36 82 43
82 44 82 51
82 52 82 59
82 60 82 67
82 68 82 76
82 77 82 85
82 96 82 104
82 115 82 124
82 125 82 132
82 133 82 140
82 141 82 149
82 150 82 157
82 179 82 187
82 188 82 196
82 197 82 204
82 205 82 213
82 214 82 224
82 225 82 232
83 0 83 7
83 8 83 15
83 26 83 34
83 35 83 43
83 44 83 53
83 54 83 61
83 62 83 69
83 70 83 79
83 80 83 87
83 88 83 97
83 98 83 105
83 106 83 116
83 117 83 125
83 126 83 134
83 135 83 143
83 165 83 176
83 177 83 184
83 185 83 192
83 193 83 200
83 211 83 220
83 221 83 230
83 231 83 239
83 240 83 247
84 10 84 18
84 19 84 28
84 39 84 47
84 48 84 55
84 66 84 76
84 87 84 96
84 97 84 104
84 105 84 115
84 126 84 135
84 146 84 155
84 156 84 166
84 167 84 174
84 175 84 184
84 185 84 194
84 238 84 246
85 21 85 32
85 33 85 40
85 51 85 59
85 60 85 69
85 70 85 78
85 79 85 89
85 90 85 100
85 122 85 132
85 133 85 140
85 141 85 150
85 151 85 158
85 159 85 168
85 169 85 176
85 177 85 184
85 195 85 205
85 206 85 213
85 214 85 222
85 223 85 230
85 231 85 238
85 239 85 247
86 0 86 7
86 8 86 15
86 16 86 24
86 25 86 32
86 33 86 41
86 42 86 50
86 51 86 58
86 59 86 66
86 77 86 86
86 87 86 94
86 95 86 105
86 106 86 113
86 114 86 124
86 125 86 133
86 134 86 141
86 142 86 149
86 160 86 168
86 179 86 187
86 198 86 209
86 210 86 217
86 228 86 237
86 238 86 245
87 0 87 9
87 20 87 30
87 31 87 40
87 41 87 48
87 49 87 59
87 60 87 67
87 68 87 75
87 76 87 86
87 87 87 95
87 96 87 104
87 126 87 135
87 146 87 157
87 158 87 167
87 168 87 175
87 176 87 183
87 194 87 203
87 225 87 235
87 236 87 244
88 0 88 9
88 31 88 40
88 41 88 50
88 61 88 72
88 73 88 82
88 93 88 102
88 124 88 132
88 133 88 140
88 141 88 149
88 150 88 159
88 170 88 178
88 179 88 189
88 200 88 211
88 222 88 230
88 231 88 238
88 239 88 246
89 0 89 9
89 20 89 29
89 40 89 50
89 61 89 72
89 73 89 81
89 82 89 91
89 92 89 99
89 100 89 110
89 111 89 121
89 122 89 130
89 141 89 151
89 152 89 160
89 161 89 168
89 169 89 176
89 187 89 196
89 218 89 229
89 230 89 240
89 241 89 248
90 21 90 29
90 30 90 39
90 40 90 49
90 50 90 58
90 59 90 68
90 69 90 77
90 78 90 86
90 87 90 96
90 97 90 105
90 106 90 113
90 114 90 121
90 122 90 131
90 132 90 141
90 152 90 160
90 161 90 170
90 171 90 179
90 180 90 188
90 189 90 196
90 197 90 204
90 226 90 237
90 238 90 248
91 0 91 7
91 8 91 15
91 16 91 24
91 25 91 32
91 33 91 41
91 42 91 49
91 50 91 59
91 60 91 68
91 69 91 77
91 78 91 87
91 88 91 97
91 98 91 105
91 106 91 114
91 115 91 124
91 125 91 133
91 134 91 141
91 142 91 151
91 162 91 173
91 195 91 203
91 204 91 211
91 222 91 230
91 231 91 241
92 0 92 8
92 30 92 39
92 40 92 47
92 48 92 57
92 58 92 66
92 67 92 76
92 77 92 84
92 85 92 92
92 93 92 101
92 102 92 112
92 134 92 142
92 143 92 152
92 153 92 161
92 162 92 169
92 170 92 177
92 178 92 188
92 189 92 196
92 197 92 207
92 208 92 215
92 237 92 248
93 10 93 19
93 20 93 27
93 28 93 35
93 36 93 43
93 44 93 52
93 53 93 63
93 64 93 71
93 82 93 92
93 93 93 101
93 102 93 109
93 110 93 118
93 119 93 129
93 130 93 139
93 140 93 150
93 151 93 160
93 161 93 169
93 170 93 179
93 190 93 198
93 199 93 206
93 207 93 215
93 216 93 223
93 234 93 245
94 0 94 7
94 8 94 15
94 16 94 23
94 34 94 43
94 44 94 51
94 52 94 60
94 61 94 71
94 82 94 92
94 103 94 113
94 114 94 122
94 123 94 131
94 132 94 139
94 140 94 147
94 148 94 155
94 156 94 166
94 167 94 175
94 176 94 183
94 184 94 191
94 192 94 201
94 202 94 212
94 213 94 222
94 223 94 230
94 231 94 238
94 239 94 247
95 0 95 8
95 9 95 16
95 17 95 24
95 25 95 32
95 33 95 42
95 43 95 50
95 51 95 58
95 59 95 68
95 69 95 78
95 79 95 86
95 87 95 94
95 105 95 114
95 115 95 123
95 124 95 134
95 135 95 144
95 145 95 155
95 166 95 175
95 186 95 197
95 198 95 207
95 208 95 216
95 227 95 237
95 238 95 246
96 0 96 9
96 10 96 19
96 20 96 27
96 28 96 37
96 48 96 59
96 70 96 79
96 80 96 88
96 89 96 96
96 97 96 104
96 105 96 112
96 123 96 131
96 132 96 142
96 143 96 153
96 154 96 161
96 162 96 170
96 171 96 179
96 180 96 190
96 201 96 209
96 220 96 229
96 230 96 238
96 239 96 246
97 10 97 18
97 40 97 48
97 49 97 56
97 57 97 64
97 65 97 74
97 96 97 105
97 116 97 124
97 125 97 132
97 133 97 140
97 141 97 148
97 159 97 170
97 171 97 180
97 181 97 189
97 190 97 199
97 200 97 207
97 218 97 226
97 227 97 235
98 0 98 10
98 11 98 19
98 30 98 39
98 50 98 58
98 59 98 66
98 67 98 75
98 76 98 84
98 85 98 93
98 104 98 112
98 134 98 145
98 146 98 154
98 155 98 164
98 165 98 172
98 183 98 193
98 194 98 201
98 212 98 221
98 222 98 230
98 241 98 249
99 0 99 8
99 19 99 30
99 31 99 38
99 39 99 49
99 50 99 58
99 80 99 89
99 90 99 100
99 101 99 108
99 119 99 128
99 150 99 159
99 160 99 167
99 168 99 176
99 177 99 185
99 196 99 205
99 206 99 214
99 215 99 225
100 0 100 7
100 8 100 16
100 17 100 27
100 28 100 37
100 48 100 58
100 59 100 68
100 69 100 76
100 77 100 84
100 85 100 95
100 96 100 105
100 116 100 124
100 125 100 132
100 143 100 152
100 153 100 160
100 161 100 168
100 169 100 178
100 179 100 189
100 190 100 197
100 198 100 206
100 217 100 228
100 229 100 236
100 237 100 245
101 0 101 10
101 11 101 20
101 21 101 28
101 29 101 37
101 38 101 47
101 48 101 58
101 59 101 66
101 67 101 75
101 76 101 85
101 86 101 96
101 97 101 106
101 107 101 115
101 116 101 126
101 127 101 135
101 136 101 143
101 165 101 173
101 174 101 181
101 203 101 213
101 214 101 221
101 232 101 240
101 241 101 249
102 0 102 10
102 11 102 20
102 21 102 29
102 30 102 40
102 41 102 48
102 49 102 56
102 57 102 64
102 75 102 83
102 84 102 93
102 115 102 126
102 127 102 136
102 137 102 144
102 145 102 155
102 156 102 165
102 166 102 175
102 176 102 185
102 186 102 194
102 205 102 215
102 216 102 224
102 235 102 243
103 0 103 8
103 30 103 39
103 40 103 47
103 48 103 56
103 57 103 65
103 66 103 76
103 77 103 85
103 86 103 96
103 129 103 137
103 138 103 147
103 148 103 157
103 158 103 166
103 167 103 174
103 175 103 183
103 205 103 215
103 216 103 223
103 224 103 232
103 233 103 240
103 241 103 249
104 10 104 20
104 21 104 30
104 31 104 40
104 41 104 48
104 49 104 56
104 78 104 87
104 88 104 96
104 97 104 105
104 106 104 115
104 116 104 124
104 125 104 132
104 133 104 140
104 141 104 148
104 149 104 159
104 160 104 169
104 180 104 188
104 189 104 198
104 199 104 207
104 208 104 216
104 217 104 225
104 226 104 234
104 235 104 243
105 0 105 9
105 10 105 18
105 19 105 26
105 37 105 48
105 49 105 57
105 58 105 66
105 88 105 98
105 99 105 109
105 110 105 117
105 118 105 128
105 129 105 137
105 138 105 145
105 156 105 166
105 177 105 185
105 207 105 217
105 228 105 239
105 240 105 248
106 0 106 7
106 18 106 27
106 28 106 35
106 36 106 44
106 45 106 52
106 63 106 72
106 83 106 93
106 94 106 102
106 103 106 110
106 111 106 121
106 122 106 129
106 173 106 183
106 184 106 192
106 193 106 200
106 222 106 233
106 234 106 244
107 0 107 8
107 9 107 18
107 29 107 37
107 48 107 56
107 57 107 66
107 67 107 75
107 76 107 83
107 84 107 92
107 103 107 111
107 112 107 119
107 120 107 127
107 128 107 135
107 146 107 156
107 167 107 177
107 178 107 185
107 196 107 207
107 208 107 216
107 217 107 227
107 228 107 235
107 236 107 246
108 0 108 9
108 42 108 50
108 51 108 58
108 59 108 69
108 70 108 77
108 78 108 88
108 89 108 96
108 97 108 105
108 106 108 114
108 115 108 125
108 136 108 144
108 145 108 154
108 155 108 162
108 163 108 172
108 173 108 181
108 182 108 190
108 191 108 198
108 209 108 218
108 219 108 228
108 239 108 247
109 0 109 7
109 8 109 16
109 17 109 24
109 25 109 33
109 34 109 41
109 42 109 49
109 50 109 57
109 58 109 68
109 69 109 76
109 87 109 98
109 99 109 108
109 109 109 119
109 120 109 130
109 131 109 140
109 141 109 148
109 149 109 157
109 158 109 166
109 177 109 187
109 188 109 197
109 208 109 219
109 220 109 230
109 231 109 238
109 239 109 246
110 0 110 7
110 8 110 16
110 17 110 25
110 26 110 36
110 37 110 44
110 45 110 52
110 53 110 61
110 83 110 94
110 95 110 102
110 113 110 121
110 122 110 132
110 133 110 143
110 154 110 162
110 163 110 172
110 173 110 183
110 184 110 194
110 195 110 202
110 203 110 210
110 221 110 229
110 240 110 248
111 21 111 29
111 40 111 48
111 49 111 58
111 59 111 66
111 67 111 75
111 76 111 86
111 97 111 105
111 106 111 113
111 114 111 123
111 124 111 131
111 132 111 139
111 140 111 149
111 171 111 182
111 183 111 190
111 191 111 198
111 199 111 207
111 218 111 226
111 227 111 234
111 235 111 243
112 0 112 8
112 9 112 16
112 38 112 47
112 48 112 57
112 58 112 67
112 68 112 78
112 79 112 89
112 100 112 110
112 111 112 120
112 121 112 130
112 131 112 138
112 139 112 146
112 147 112 155
112 156 112 165
112 166 112 173
112 174 112 184
112 185 112 195
112 196 112 203
112 225 112 233
112 234 112 242
113 0 113 7
113 18 113 26
113 27 113 34
113 56 113 64
113 65 113 73
113 74 113 84
113 85 113 92
113 93 113 103
113 114 113 123
113 124 113 132
113 133 113 141
113 142 113 152
113 163 113 171
113 172 113 180
113 181 113 188
113 199 113 207
113 208 113 216
113 217 113 225
113 226 113 233
113 234 113 242
114 0 114 9
114 10 114 17
114 18 114 27
114 28 114 36
114 37 114 45
114 46 114 56
114 57 114 64
114 65 114 72
114 73 114 81
114 82 114 89
114 90 114 97
114 98 114 106
114 107 114 114
114 115 114 122
114 123 114 132
114 133 114 141
114 142 114 151
114 162 114 170
114 171 114 178
114 179 114 186
114 197 114 207
114 208 114 216
115 0 115 7
115 8 115 16
115 17 115 24
115 25 115 32
115 33 115 40
115 41 115 51
115 52 115 61
115 62 115 69
115 80 115 89
115 90 115 98
115 99 115 106
115 107 115 114
115 115 115 124
115 125 115 132
115 133 115 143
115 144 115 151
115 152 115 159
115 170 115 179
115 180 115 189
115 190 115 200
115 211 115 222
115 223 115 231
116 10 116 18
116 29 116 37
116 38 116 47
116 48 116 58
116 59 116 67
116 68 116 78
116 79 116 86
116 87 116 97
116 98 116 106
116 107 116 115
116 116 116 123
116 124 116 131
116 132 116 141
116 142 116 151
116 152 116 162
116 163 116 173
116 184 116 192
116 203 116 212
116 213 116 222
117 10 117 18
117 40 117 50
117 51 117 60
117 61 117 69
117 70 117 79
117 80 117 87
117 98 117 106
117 117 117 128
117 139 117 147
117 148 117 157
117 158 117 168
117 169 117 179
117 180 117 188
117 189 117 196
117 197 117 207
117 208 117 216
117 217 117 224
117 225 117 233
117 234 117 244
118 0 118 8
118 9 118 18
118 29 118 37
118 48 118 56
118 57 118 67
118 68 118 78
118 79 118 86
118 97 118 107
118 108 118 116
118 117 118 125
118 126 118 133
118 134 118 141
118 142 118 150
118 151 118 158
118 159 118 167
118 168 118 175
118 176 118 185
118 186 118 194
118 195 118 203
118 204 118 214
118 215 118 223
118 224 118 231
118 232 118 242
119 10 119 19
119 20 119 27
119 38 119 47
119 48 119 55
119 56 119 66
119 67 119 74
119 75 119 83
119 84 119 93
119 94 119 101
119 102 119 111
119 122 119 131
119 132 119 142
119 143 119 153
119 175 119 186
119 187 119 194
119 195 119 202
119 203 119 210
119 211 119 220
119 221 119 229
119 230 119 237
120 0 120 8
120 9 120 17
120 18 120 27
120 28 120 37
120 38 120 48
120 49 120 57
120 58 120 68
120 69 120 78
120 79 120 87
120 88 120 95
120 96 120 105
120 116 120 124
120 135 120 146
120 168 120 176
120 177 120 187
120 188 120 195
120 196 120 203
120 204 120 211
120 212 120 219
120 220 120 227
120 228 120 236
120 237 120 244
121 0 121 8
121 9 121 17
121 39 121 50
121 61 121 70
121 81 121 89
121 90 121 100
121 101 121 108
121 109 121 117
121 118 121 125
121 136 121 144
121 155 121 166
121 167 121 177
121 188 121 199
121 232 121 242
122 10 122 20
122 21 122 28
122 29 122 39
122 50 122 59
122 60 122 67
122 68 122 76
122 77 122 84
122 85 122 92
122 93 122 101
122 102 122 111
122 122 122 131
122 132 122 141
122 152 122 160
122 161 122 168
122 169 122 176
122 187 122 197
122 198 122 205
122 216 122 225
122 226 122 235
122 236 122 245
123 10 123 20
123 42 123 52
123 53 123 63
123 64 123 71
123 93 123 103
123 104 123 111
123 112 123 119
123 120 123 130
123 131 123 139
123 140 123 147
123 169 123 178
123 179 123 187
123 188 123 196
123 197 123 205
123 206 123 213
123 224 123 232
124 0 124 7
124 8 124 18
124 29 124 38
124 49 124 59
124 60 124 70
124 71 124 80
124 81 124 91
124 102 124 110
124 111 124 119
124 120 124 127
124 128 124 137
124 138 124 147
124 148 124 156
124 157 124 164
124 165 124 172
124 183 124 192
124 214 124 225
124 236 124 244
125 0 125 10
125 11 125 19
125 20 125 27
125 28 125 35
125 36 125 43
125 76 125 84
125 106 125 115
125 126 125 136
125 137 125 146
125 147 125 157
125 158 125 167
125 178 125 186
125 187 125 194
125 205 125 216
125 217 125 227
125 228 125 235
126 10 126 21
126 43 126 53
126 54 126 61
126 72 126 83
126 84 126 91
126 92 126 102
126 103 126 111
126 133 126 141
126 142 126 149
126 150 126 157
126 179 126 187
126 188 126 196
126 197 126 204
126 205 126 214
126 215 126 223
126 234 126 242
127 0 127 9
127 10 127 19
127 20 127 28
127 29 127 36
127 47 127 58
127 59 127 69
127 70 127 79
127 90 127 101
127 102 127 110
127 111 127 119
127 120 127 128
127 129 127 137
127 138 127 145
127 146 127 154
127 155 127 165
127 166 127 174
127 175 127 185
127 186 127 194
127 205 127 214
127 215 127 222
127 223 127 231
127 232 127 239
127 240 127 249
128 0 128 7
128 8 128 15
128 16 128 23
128 24 128 31
128 32 128 39
128 50 128 58
128 80 128 88
128 89 128 97
128 98 128 107
128 108 128 118
128 129 128 137
128 138 128 146
128 147 128 155
128 156 128 165
128 166 128 175
128 176 128 183
128 184 128 191
128 192 128 199
128 210 128 220
128 221 128 228
128 239 128 249
129 10 129 21
129 22 129 31
129 32 129 40
129 41 129 50
129 51 129 60
129 61 129 71
129 82 129 92
129 93 129 100
129 101 129 109
129 120 129 131
129 175 129 184
129 185 129 194
129 195 129 202
129 203 129 211
129 212 129 219
129 220 129 228
129 229 129 236
129 237 129 246
130 0 130 8
130 9 130 17
130 28 130 37
130 38 130 48
130 49 130 57
130 58 130 65
130 76 130 86
130 87 130 95
130 96 130 104
130 105 130 114
130 147 130 155
130 166 130 174
130 185 130 196
130 197 130 205
130 206 130 214
130 215 130 225
130 236 130 246
131 0 131 8
131 19 131 29
131 30 131 38
131 39 131 47
131 48 131 56
131 57 131 65
131 66 131 74
131 75 131 82
131 83 131 90
131 91 131 101
131 134 131 143
131 144 131 154
131 155 131 165
131 187 131 197
131 198 131 205
131 206 131 213
131 214 131 223
131 224 131 233
131 234 131 243
132 0 132 8
132 9 132 17
132 28 132 36
132 37 132 44
132 45 132 52
132 53 132 60
132 61 132 70
132 71 132 80
132 81 132 89
132 90 132 99
132 100 132 110
132 111 132 120
132 121 132 128
132 129 132 138
132 139 132 149
132 150 132 157
132 190 132 199
132 200 132 207
132 208 132 215
132 216 132 224
132 225 132 232
133 10 133 20
133 21 133 28
133 29 133 36
133 37 133 45
133 46 133 54
133 55 133 62
133 63 133 71
133 104 133 112
133 123 133 132
133 133 133 140
133 141 133 149
133 160 133 169
133 170 133 178
133 179 133 186
133 187 133 195
133 196 133 203
133 204 133 213
133 214 133 222
133 223 133 232
133 233 133 240
133 241 133 248
134 10 134 18
134 29 134 37
134 38 134 46
134 57 134 65
134 66 134 74
134 75 134 83
134 84 134 91
134 92 134 99
134 100 134 109
134 110 134 117
134 118 134 126
134 148 134 156
134 157 134 166
134 188 134 198
134 209 134 218
134 219 134 227
134 228 134 236
135 0 135 7
135 18 135 26
135 27 135 34
135 45 135 55
135 56 135 65
135 66 135 75
135 108 135 117
135 118 135 125
135 136 135 145
135 146 135 156
135 157 135 166
135 167 135 177
135 178 135 188
135 189 135 196
135 207 135 215
135 216 135 223
135 234 135 243
136 21 136 31
136 53 136 61
136 72 136 82
136 83 136 91
136 92 136 99
136 110 136 119
136 130 136 141
136 142 136 149
136 150 136 158
136 159 136 166
136 167 136 177
136 178 136 186
136 187 136 197
136 198 136 205
136 206 136 214
136 215 136 222
136 223 136 231
136 232 136 242
137 0 137 7
137 8 137 18
137 19 137 28
137 29 137 38
137 39 137 47
137 48 137 55
137 56 137 64
137 65 137 74
137 75 137 82
137 93 137 102
137 124 137 133
137 134 137 142
137 143 137 150
137 151 137 159
137 160 137 169
137 170 137 177
137 188 137 196
137 197 137 204
137 205 137 212
137 213 137 222
137 223 137 231
137 232 137 239
138 0 138 9
138 20 138 28
138 29 138 39
138 40 138 48
138 49 138 58
138 59 138 69
138 70 138 80
138 81 138 90
138 101 138 109
138 110 138 117
138 118 138 126
138 127 138 135
138 136 138 143
138 154 138 164
138 165 138 174
138 175 138 184
138 185 138 192
138 203 138 213
138 214 138 221
138 222 138 231
138 232 138 241
138 242 138 249
139 0 139 8
139 19 139 30
139 31 139 39
139 40 139 48
139 49 139 56
139 57 139 65
139 66 139 76
139 77 139 85
139 96 139 107
139 108 139 115
139 116 139 124
139 146 139 154
139 165 139 174
139 175 139 182
139 183 139 190
139 191 139 198
139 231 139 242
140 0 140 9
140 10 140 18
140 19 140 28
140 29 140 39
140 40 140 48
140 59 140 69
140 70 140 77
140 88 140 97
140 119 140 127
140 128 140 135
140 136 140 143
140 154 140 162
140 173 140 183
140 184 140 191
140 202 140 213
140 214 140 223
141 0 141 7
141 18 141 27
141 28 141 37
141 38 141 47
141 48 141 56
141 57 141 64
141 86 141 94
141 95 141 102
141 103 141 110
141 111 141 118
141 119 141 126
141 127 141 134
141 135 141 143
141 144 141 154
141 165 141 173
141 174 141 182
141 183 141 191
141 192 141 200
141 201 141 209
141 210 141 219
141 230 141 241
141 242 141 249
142 0 142 9
142 10 142 18
142 19 142 28
142 29 142 37
142 38 142 46
142 57 142 66
142 77 142 88
142 89 142 99
142 100 142 108
142 109 142 116
142 117 142 125
142 126 142 133
142 134 142 144
142 145 142 153
142 154 142 161
142 162 142 169
142 170 142 177
142 188 142 198
142 209 142 219
142 220 142 229
142 230 142 237
143 0 143 7
143 8 143 16
143 27 143 36
143 37 143 44
143 45 143 55
143 77 143 85
143 86 143 93
143 104 143 114
143 115 143 122
143 123 143 131
143 132 143 142
143 143 143 151
143 152 143 159
143 160 143 169
143 170 143 178
143 179 143 186
143 187 143 195
143 196 143 204
143 205 143 215
143 216 143 224
143 225 143 233
143 234 143 241
143 242 143 249
144 0 144 8
144 9 144 17
144 18 144 28
144 29 144 36
144 37 144 45
144 56 144 64
144 65 144 73
144 74 144 82
144 126 144 135
144 136 144 145
144 146 144 154
144 155 144 163
144 164 144 174
144 175 144 184
144 185 144 193
144 215 144 226
144 237 144 246
145 0 145 8
145 19 145 29
145 30 145 37
145 38 145 48
145 49 145 56
145 67 145 77
145 78 145 88
145 89 145 98
145 99 145 108
145 109 145 117
145 128 145 139
145 140 145 148
145 170 145 178
145 179 145 187
145 188 145 196
145 197 145 204
145 205 145 213
145 214 145 224
145 225 145 232
145 233 145 243
146 0 146 7
146 18 146 28
146 29 146 36
146 37 146 45
146 46 146 53
146 54 146 62
146 73 146 81
146 82 146 89
146 90 146 98
146 109 146 119
146 130 146 140
146 141 146 150
146 151 146 158
146 159 146 168
146 190 146 198
146 199 146 208
146 209 146 218
146 219 146 226
146 227 146 234
146 235 146 242
147 0 147 7
147 8 147 16
147 27 147 35
147 36 147 45
147 56 147 67
147 68 147 77
147 99 147 107
147 108 147 116
147 117 147 125
147 126 147 134
147 135 147 144
147 155 147 163
147 164 147 173
147 174 147 184
147 185 147 194
147 195 147 203
147 204 147 211
147 222 147 232
147 233 147 241
148 0 148 9
148 10 148 17
148 28 148 36
148 37 148 47
148 48 148 57
148 58 148 66
148 77 148 85
148 118 148 126
148 127 148 137
148 138 148 148
148 149 148 158
148 169 148 177
148 178 148 187
148 188 148 196
148 207 148 215
148 216 148 223
148 224 148 231
148 232 148 240
148 241 148 249
149 21 149 30
149 41 149 52
149 63 149 73
149 74 149 82
149 93 149 101
149 102 149 109
149 110 149 117
149 118 149 125
149 126 149 133
149 144 149 152
149 153 149 163
149 164 149 171
149 182 149 193
149 194 149 202
149 203 149 210
149 211 149 220
149 221 149 230
149 231 149 240
149 241 149 248
150 10 150 19
150 20 150 27
150 28 150 35
150 36 150 45
150 46 150 53
150 54 150 61
150 72 150 83
150 94 150 102
150 103 150 110
150 121 150 129
150 130 150 137
150 138 150 145
150 146 150 156
150 178 150 186
150 208 150 217
150 218 150 226
150 237 150 247
151 0 151 8
151 9 151 16
151 17 151 26
151 27 151 34
151 35 151 42
151 43 151 51
151 52 151 61
151 62 151 70
151 71 151 79
151 80 151 89
151 100 151 108
151 109 151 116
151 117 151 124
151 125 151 133
151 134 151 142
151 143 151 150
151 151 151 160
151 161 151 169
151 180 151 188
151 189 151 196
151 197 151 205
151 206 151 213
151 214 151 224
151 225 151 233
151 234 151 241
152 0 152 9
152 10 152 17
152 39 152 49
152 50 152 59
152 60 152 67
152 68 152 78
152 79 152 89
152 100 152 111
152 112 152 119
152 120 152 129
152 140 152 148
152 159 152 168
152 169 152 176
152 177 152 186
152 208 152 217
152 239 152 247
153 0 153 10
153 11 153 19
153 20 153 27
153 38 153 46
153 47 153 55
153 56 153 64
153 65 153 72
153 83 153 93
153 94 153 103
153 104 153 111
153 112 153 122
153 123 153 132
153 143 153 153
153 154 153 164
153 165 153 173
153 184 153 193
153 194 153 201
153 202 153 209
153 210 153 219
153 220 153 228
153 229 153 238
153 239 153 248
154 0 154 8
154 41 154 50
154 72 154 81
154 103 154 112
154 113 154 120
154 121 154 131
154 132 154 142
154 143 154 151
154 152 154 159
154 160 154 167
154 168 154 176
154 177 154 184
154 195 154 204
154 205 154 214
154 215 154 222
154 233 154 241
155 10 155 18
155 29 155 37
155 38 155 45
155 46 155 53
155 54 155 61
155 62 155 70
155 71 155 80
155 81 155 91
155 92 155 102
155 103 155 110
155 111 155 120
155 121 155 128
155 129 155 139
155 150 155 159
155 160 155 169
155 170 155 177
155 178 155 185
155 186 155 194
155 205 155 213
155 214 155 223
155 224 155 231
156 10 156 19
156 20 156 28
156 29 156 37
156 38 156 45
156 46 156 53
156 54 156 62
156 73 156 81
156 82 156 89
156 90 156 99
156 110 156 119
156 130 156 140
156 141 156 149
156 150 156 157
156 168 156 179
156 180 156 188
156 189 156 196
156 197 156 207
156 218 156 227
156 228 156 235
156 236 156 243
157 0 157 8
157 19 157 29
157 30 157 37
157 48 157 58
157 59 157 68
157 69 157 79
157 80 157 87
157 88 157 97
157 98 157 105
157 106 157 113
157 114 157 123
157 124 157 134
157 135 157 142
157 143 157 151
157 152 157 159
157 160 157 167
157 168 157 175
157 176 157 184
157 185 157 192
157 203 157 212
157 213 157 223
157 224 157 231
158 0 158 8
158 9 158 16
158 17 158 24
158 25 158 34
158 35 158 43
158 44 158 51
158 52 158 60
158 71 158 82
158 83 158 90
158 91 158 100
158 101 158 108
158 109 158 116
158 117 158 124
158 125 158 135
158 136 158 144
158 145 158 153
158 154 158 163
158 164 158 173
158 174 158 184
158 185 158 194
158 195 158 202
158 203 158 211
158 212 158 219
158 220 158 228
158 229 158 238
158 239 158 246
159 10 159 18
159 19 159 27
159 28 159 35
159 36 159 43
159 44 159 51
159 52 159 62
159 63 159 71
159 72 159 80
159 81 159 88
159 89 159 97
159 98 159 107
159 118 159 129
159 130 159 138
159 149 159 159
159 160 159 167
159 168 159 178
159 179 159 189
159 200 159 208
159 209 159 217
159 239 159 248
160 0 160 10
160 21 160 29
160 30 160 37
160 38 160 47
160 48 160 57
160 79 160 88
160 89 160 96
160 97 160 106
160 107 160 114
160 115 160 122
160 123 160 132
160 133 160 140
160 141 160 150
160 161 160 169
160 170 160 179
160 190 160 201
160 202 160 209
160 210 160 219
160 220 160 229
161 0 161 9
161 10 161 17
161 18 161 28
161 29 161 36
161 37 161 44
161 45 161 53
161 64 161 74
161 96 161 106
161 107 161 115
161 116 161 123
161 124 161 133
161 134 161 141
161 142 161 150
161 151 161 159
161 160 161 169
161 170 161 178
161 179 161 186
161 187 161 194
161 205 161 214
161 225 161 235
161 236 161 243
162 0 162 7
162 8 162 15
162 16 162 23
162 24 162 31
162 32 162 39
162 40 162 50
162 51 162 60
162 61 162 70
162 81 162 89
162 90 162 100
162 101 162 110
162 111 162 120
162 131 162 142
162 143 162 151
162 152 162 160
162 171 162 181
162 182 162 191
162 192 162 200
162 201 162 208
162 209 162 218
162 219 162 227
162 238 162 248
163 0 163 7
163 8 163 15
163 16 163 25
163 26 163 36
163 37 163 46
163 68 163 77
163 88 163 98
163 99 163 107
163 118 163 128
163 129 163 137
163 138 163 148
163 149 163 157
163 158 163 165
163 176 163 184
163 185 163 193
163 194 163 201
163 202 163 209
163 210 163 217
163 218 163 227
163 228 163 235
163 236 163 245
164 10 164 19
164 20 164 28
164 29 164 37
164 38 164 46
164 47 164 54
164 65 164 75
164 76 164 84
164 85 164 95
164 96 164 103
164 104 164 111
164 112 164 119
164 120 164 129
164 140 164 148
164 149 164 157
164 158 164 165
164 166 164 176
164 177 164 185
164 186 164 195
164 196 164 205
164 206 164 213
164 214 164 221
164 222 164 231
164 232 164 239
164 240 164 248
165 10 165 18
165 19 165 29
165 40 165 49
165 50 165 60
165 61 165 68
165 69 165 79
165 101 165 109
165 110 165 118
165 119 165 126
165 127 165 136
165 137 165 145
165 146 165 153
165 164 165 174
165 185 165 194
165 195 165 203
165 204 165 214
165 225 165 233
165 234 165 242
166 0 166 8
166 9 166 16
166 17 166 24
166 25 166 33
166 44 166 52
166 53 166 62
166 63 166 71
166 82 166 93
166 94 166 102
166 103 166 110
166 154 166 162
166 163 166 171
166 182 166 193
166 194 166 203
166 204 166 212
166 213 166 220
166 221 166 229
166 240 166 248
167 10 167 19
167 20 167 27
167 28 167 35
167 36 167 43
167 44 167 53
167 54 167 63
167 64 167 71
167 72 167 79
167 90 167 101
167 102 167 111
167 112 167 122
167 123 167 131
167 132 167 142
167 143 167 151
167 152 167 159
167 160 167 167
167 168 167 175
167 176 167 184
167 185 167 193
167 194 167 203
167 204 167 214
167 215 167 222
167 223 167 232
167 233 167 242
168 0 168 9
168 10 168 19
168 30 168 40
168 51 168 61
168 72 168 80
168 81 168 89
168 111 168 119
168 152 168 160
168 161 168 170
168 171 168 178
168 189 168 200
168 201 168 210
168 211 168 219
168 230 168 238
168 239 168 249
169 0 169 7
169 18 169 28
169 29 169 39
169 40 169 47
169 58 169 66
169 67 169 76
169 98 169 108
169 119 169 127
169 128 169 135
169 136 169 146
169 147 169 154
169 155 169 164
169 165 169 173
169 174 169 184
169 185 169 192
169 193 169 200
169 201 169 208
169 209 169 218
169 219 169 226
169 227 169 234
170 0 170 10
170 11 170 20
170 21 170 28
170 29 170 36
170 47 170 55
170 56 170 63
170 64 170 71
170 72 170 80
170 81 170 91
170 102 170 111
170 112 170 119
170 120 170 128
170 129 170 136
170 137 170 145
170 146 170 153
170 154 170 163
170 164 170 171
170 172 170 179
170 180 170 190
170 201 170 210
170 232 170 242
171 0 171 7
171 8 171 17
171 18 171 25
171 26 171 34
171 35 171 42
171 43 171 50
171 51 171 59
171 70 171 79
171 80 171 88
171 89 171 96
171 97 171 105
171 106 171 115
171 116 171 124
171 125 171 133
171 134 171 142
171 143 171 151
171 152 171 160
171 161 171 168
171 169 171 179
171 180 171 187
171 188 171 195
171 217 171 225
171 226 171 235
171 236 171 245
172 10 172 18
172 40 172 51
172 52 172 60
172 61 172 69
172 70 172 79
172 90 172 98
172 99 172 108
172 109 172 116
172 117 172 125
172 126 172 133
172 134 172 143
172 144 172 152
172 153 172 161
172 172 172 183
172 184 172 191
172 192 172 199
172 200 172 208
172 209 172 217
172 218 172 225
172 226 172 236
173 10 173 19
173 20 173 28
173 29 173 37
173 38 173 47
173 48 173 55
173 56 173 66
173 67 173 75
173 76 173 83
173 84 173 93
173 115 173 126
173 127 173 134
173 135 173 143
173 144 173 152
173 163 173 171
173 172 173 179
173 212 173 221
173 232 173 240
173 241 173 248
174 0 174 10
174 11 174 18
174 29 174 37
174 38 174 45
174 46 174 54
174 55 174 62
174 63 174 70
174 71 174 78
174 79 174 87
174 88 174 96
174 107 174 116
174 117 174 125
174 126 174 135
174 136 174 146
174 147 174 155
174 156 174 164
174 165 174 172
174 173 174 181
174 182 174 192
174 193 174 201
174 202 174 210
174 211 174 220
175 0 175 9
175 10 175 20
175 21 175 29
175 30 175 37
175 38 175 47
175 48 175 56
175 57 175 67
175 68 175 78
175 79 175 87
175 98 175 106
175 107 175 114
175 115 175 125
175 126 175 135
175 136 175 143
175 165 175 174
175 185 175 193
175 194 175 204
175 205 175 212
175 213 175 220
175 221 175 229
175 230 175 238
175 239 175 249
176 10 176 20
176 21 176 28
176 29 176 37
176 48 176 58
176 69 176 77
176 78 176 87
176 88 176 96
176 97 176 105
176 106 176 113
176 114 176 123
176 124 176 132
176 133 176 140
176 141 176 151
176 152 176 159
176 160 176 169
176 170 176 178
176 189 176 200
176 201 176 210
176 211 176 219
176 230 176 238
176 239 176 246
177 0 177 7
177 8 177 17
177 18 177 26
177 27 177 36
177 37 177 45
177 46 177 55
177 56 177 65
177 66 177 73
177 74 177 81
177 82 177 91
177 92 177 101
177 102 177 109
177 131 177 140
177 141 177 149
177 150 177 160
177 161 177 171
177 172 177 179
177 190 177 201
177 202 177 210
177 211 177 219
177 220 177 228
177 229 177 236
178 0 178 9
178 20 178 29
178 30 178 38
178 39 178 46
178 47 178 54
178 55 178 62
178 84 178 92
178 114 178 123
178 124 178 133
178 166 178 177
178 178 178 188
178 189 178 197
178 208 178 216
178 217 178 224
178 225 178 232
178 233 178 242
179 0 179 7
179 8 179 17
179 18 179 28
179 29 179 37
179 38 179 46
179 47 179 54
179 55 179 62
179 63 179 71
179 72 179 80
179 81 179 90
179 91 179 101
179 112 179 121
179 132 179 140
179 141 179 148
179 149 179 157
179 158 179 166
179 167 179 174
179 175 179 183
179 184 179 194
179 195 179 205
179 206 179 215
179 216 179 223
179 224 179 233
179 234 179 242
180 0 180 10
180 21 180 30
180 31 180 38
180 49 180 59
180 60 180 68
180 69 180 77
180 78 180 85
180 86 180 93
180 94 180 102
180 103 180 113
180 114 180 121
180 122 180 129
180 140 180 149
180 160 180 168
180 179 180 187
180 188 180 197
180 208 180 219
180 220 180 227
180 228 180 236
180 237 180 247
181 0 181 9
181 10 181 19
181 30 181 39
181 50 181 60
181 61 181 71
181 72 181 79
181 80 181 87
181 98 181 109
181 110 181 119
181 120 181 127
181 128 181 138
181 139 181 149
181 160 181 170
181 171 181 179
181 180 181 187
181 188 181 198
181 199 181 207
181 208 181 216
181 217 181 227
181 228 181 236
181 237 181 245
182 0 182 10
182 11 182 19
182 20 182 28
182 29 182 39
182 61 182 69
182 70 182 79
182 80 182 87
182 88 182 96
182 97 182 106
182 107 182 114
182 115 182 123
182 134 182 142
182 153 182 163
182 164 182 171
182 182 182 191
182 192 182 201
182 202 182 212
182 234 182 243
183 0 183 10
183 11 183 20
183 21 183 29
183 30 183 38
183 60 183 69
183 70 183 77
183 78 183 85
183 86 183 96
183 97 183 104
183 115 183 123
183 124 183 134
183 145 183 155
183 156 183 164
183 165 183 174
183 175 183 185
183 186 183 193
183 194 183 201
183 202 183 211
183 212 183 219
183 220 183 227
183 228 183 235
183 236 183 244
184 10 184 20
184 21 184 29
184 30 184 39
184 40 184 49
184 50 184 58
184 59 184 67
184 89 184 99
184 100 184 110
184 111 184 121
184 122 184 131
184 132 184 140
184 141 184 148
184 149 184 159
184 160 184 168
184 169 184 176
184 187 184 197
184 198 184 205
184 206 184 216
184 217 184 224
184 225 184 233
184 234 184 241
185 0 185 8
185 9 185 18
185 29 185 37
185 38 185 45
185 56 185 64
185 75 185 85
185 86 185 94
185 95 185 103
185 104 185 111
185 112 185 122
185 123 185 130
185 141 185 149
185 150 185 157
185 158 185 166
185 167 185 176
185 177 185 186
185 187 185 194
185 195 185 204
185 205 185 215
185 216 185 224
185 225 185 233
185 234 185 243
186 0 186 10
186 11 186 18
186 19 186 26
186 27 186 34
186 45 186 54
186 55 186 65
186 66 186 73
186 74 186 81
186 82 186 90
186 101 186 110
186 111 186 118
186 119 186 127
186 128 186 135
186 136 186 144
186 145 186 153
186 154 186 161
186 162 186 170
186 171 186 179
186 180 186 187
186 198 186 208
186 209 186 218
186 229 186 238
186 239 186 247
187 0 187 10
187 11 187 20
187 21 187 31
187 32 187 39
187 50 187 60
187 61 187 71
187 72 187 82
187 83 187 91
187 102 187 110
187 111 187 119
187 120 187 127
187 128 187 135
187 136 187 143
187 144 187 153
187 154 187 161
187 162 187 169
187 170 187 180
187 191 187 202
187 203 187 210
187 221 187 232
187 233 187 240
188 0 188 8
188 9 188 16
188 17 188 25
188 26 188 33
188 34 188 42
188 43 188 53
188 64 188 73
188 74 188 82
188 83 188 91
188 92 188 101
188 102 188 110
188 111 188 121
188 122 188 132
188 143 188 153
188 154 188 162
188 173 188 183
188 184 188 193
188 194 188 203
188 204 188 211
188 212 188 219
188 230 188 240
188 241 188 248
189 0 189 9
189 10 189 20
189 21 189 29
189 30 189 38
189 39 189 48
189 59 189 67
189 68 189 76
189 77 189 86
189 87 189 97
189 119 189 130
189 141 189 150
189 151 189 158
189 159 189 168
189 169 189 177
189 178 189 186
189 187 189 194
189 195 189 204
189 215 189 226
189 227 189 236
189 237 189 244
190 0 190 10
190 11 190 19
190 41 190 50
190 61 190 70
190 71 190 78
190 89 190 100
190 111 190 120
190 131 190 139
190 140 190 147
190 169 190 177
190 178 190 185
190 186 190 195
190 196 190 204
190 205 190 214
190 215 190 224
190 225 190 233
190 234 190 242
191 0 191 10
191 21 191 29
191 30 191 40
191 41 191 49
191 50 191 57
191 58 191 67
191 78 191 88
191 89 191 97
191 98 191 106
191 107 191 114
191 125 191 134
191 135 191 145
191 156 191 164
191 197 191 205
191 206 191 215
191 216 191 224
191 225 191 233
192 0 192 7
192 8 192 17
192 18 192 25
192 26 192 36
192 47 192 56
192 57 192 65
192 76 192 84
192 95 192 105
192 116 192 127
192 128 192 136
192 137 192 147
192 148 192 157
192 158 192 166
192 167 192 176
192 177 192 186
192 187 192 195
192 196 192 205
192 206 192 214
192 215 192 224
192 225 192 232
192 233 192 240
193 21 193 29
193 30 193 38
193 39 193 47
193 58 193 68
193 69 193 76
193 87 193 98
193 99 193 107
193 108 193 115
193 116 193 123
193 124 193 131
193 132 193 142
193 143 193 151
193 152 193 160
193 161 193 169
193 170 193 178
193 179 193 187
193 198 193 206
193 207 193 215
193 216 193 223
193 234 193 244
194 0 194 7
194 8 194 15
194 16 194 23
194 24 194 31
194 42 194 51
194 52 194 61
194 62 194 70
194 71 194 78
194 79 194 88
194 89 194 96
194 97 194 105
194 106 194 116
194 127 194 137
194 170 194 179
194 190 194 198
194 220 194 231
194 232 194 241
195 0 195 10
195 11 195 18
195 19 195 26
195 37 195 45
195 46 195 53
195 54 195 61
195 62 195 70
195 71 195 79
195 101 195 109
195 110 195 117
195 139 195 147
195 148 195 155
195 166 195 174
195 175 195 183
195 184 195 194
195 195 195 204
195 205 195 214
195 215 195 224
195 225 195 233
195 234 195 241
195 242 195 249
196 21 196 31
196 32 196 39
196 40 196 50
196 51 196 60
196 61 196 71
196 72 196 80
196 81 196 90
196 91 196 99
196 110 196 119
196 120 196 130
196 163 196 173
196 174 196 183
196 194 196 205
196 227 196 235
196 236 196 245
197 0 197 10
197 11 197 19
197 20 197 29
197 40 197 48
197 59 197 68
197 79 197 90
197 91 197 100
197 101 197 108
197 109 197 116
197 127 197 136
197 137 197 145
197 146 197 155
197 156 197 164
197 165 197 174
197 196 197 204
197 205 197 215
197 216 197 223
197 224 197 231
197 232 197 240
197 241 197 249
198 32 198 40
198 41 198 50
198 72 198 82
198 93 198 104
198 137 198 148
198 149 198 158
198 159 198 166
198 167 198 177
198 178 198 185
198 186 198 195
198 196 198 203
198 204 198 213
198 224 198 232
198 233 198 240
198 241 198 248
199 10 199 18
199 19 199 27
199 28 199 37
199 38 199 45
199 46 199 55
199 56 199 64
199 65 199 72
199 83 199 93
199 104 199 112
199 123 199 132
199 143 199 154
199 155 199 165
199 166 199 176
199 177 199 184
199 195 199 204
199 205 199 212
199 213 199 221
199 222 199 231
199 232 199 240
